<?xml version="1.0" encoding="UTF-8"?>
<!-- Generated by org.testng.reporters.JUnitReportReporter -->
<testsuite hostname="DESKTOP-NPK11H1" failures="0" tests="1" name="com.Luma.CreateAnAccountTest.CreateAnAccountTest" time="14.999" errors="0" timestamp="2023-02-01T16:25:17 EET" skipped="0">
  <testcase classname="com.Luma.CreateAnAccountTest.CreateAnAccountTest" name="CreateAnAccount04" time="14.999"/>
  <system-out/>
</testsuite> <!-- com.Luma.CreateAnAccountTest.CreateAnAccountTest -->
