<?xml version="1.0" encoding="UTF-8"?>
<!-- Generated by org.testng.reporters.JUnitReportReporter -->
<testsuite hostname="DESKTOP-NPK11H1" failures="0" tests="1" name="com.Luma.SignInTest.CustomerLoginTest" time="18.696" errors="0" timestamp="2023-02-01T16:28:43 EET" skipped="0">
  <testcase classname="com.Luma.SignInTest.CustomerLoginTest" name="CustomerLogin" time="18.696"/>
  <system-out/>
</testsuite> <!-- com.Luma.SignInTest.CustomerLoginTest -->
