<?xml version="1.0" encoding="UTF-8"?>
<!-- Generated by org.testng.reporters.JUnitReportReporter -->
<testsuite hostname="DESKTOP-NPK11H1" failures="0" tests="1" name="com.Luma.WhatIsNewTest.NEWINWOMEN_HoodiesSweatshirtsTest" time="23.014" errors="0" timestamp="2023-02-04T00:39:41 EET" skipped="0">
  <testcase classname="com.Luma.WhatIsNewTest.NEWINWOMEN_HoodiesSweatshirtsTest" name="EasyApply" time="23.014"/>
  <system-out/>
</testsuite> <!-- com.Luma.WhatIsNewTest.NEWINWOMEN_HoodiesSweatshirtsTest -->
