<?xml version="1.0" encoding="UTF-8"?>
<!-- Generated by org.testng.reporters.JUnitReportReporter -->
<testsuite hostname="DESKTOP-NPK11H1" failures="0" tests="1" name="com.Luma.ShoppingCartTest.AddoneItemTest" time="74.529" errors="0" timestamp="2023-02-01T16:25:17 EET" skipped="0">
  <testcase classname="com.Luma.ShoppingCartTest.AddoneItemTest" name="Add_one_itemCart" time="74.529"/>
  <system-out/>
</testsuite> <!-- com.Luma.ShoppingCartTest.AddoneItemTest -->
